INFO:root:[2025-06-22 10:08:35] 🚀 Eseguo: /home/user/mappa-concorsi/scarica_regioni.py
INFO:root:[2025-06-22 10:11:02] ✅ Completato: /home/user/mappa-concorsi/scarica_regioni.py
INFO:root:[2025-06-22 10:11:02] 🚀 Eseguo: /home/user/mappa-concorsi/geolocalizza.py
INFO:root:[2025-06-22 11:08:26] ✅ Completato: /home/user/mappa-concorsi/geolocalizza.py
INFO:root:[2025-06-22 11:08:26] 🔄 Git add/commit/push...
INFO:root:[2025-06-22 11:08:27] ✅ Dati pushati su Git
INFO:root:[2025-06-22 11:13:00] 🚀 Eseguo: /home/user/mappa-concorsi/scarica_regioni.py
INFO:root:[2025-06-22 11:15:27] ✅ Completato: /home/user/mappa-concorsi/scarica_regioni.py
INFO:root:[2025-06-22 11:15:27] 🚀 Eseguo: /home/user/mappa-concorsi/geolocalizza.py
INFO:root:[2025-06-22 12:12:53] ✅ Completato: /home/user/mappa-concorsi/geolocalizza.py
INFO:root:[2025-06-22 12:12:53] 🔄 Git add/commit/push...
INFO:root:[2025-06-22 12:12:54] ✅ Dati pushati su Git
INFO:root:[2025-06-22 12:12:54] 📨 Invio notifica Telegram...
INFO:root:[2025-06-22 12:12:54] ✅ Notifica Telegram inviata
INFO:root:[2025-07-03 11:46:16] 🚀 Eseguo: /home/user/mappa-concorsi/scarica_regioni.py
INFO:root:[2025-07-03 11:48:44] ✅ Completato: /home/user/mappa-concorsi/scarica_regioni.py
INFO:root:[2025-07-03 11:48:44] 🚀 Eseguo: /home/user/mappa-concorsi/geolocalizza.py
INFO:root:[2025-07-03 12:55:24] ✅ Completato: /home/user/mappa-concorsi/geolocalizza.py
INFO:root:[2025-07-03 12:55:24] 🔄 Git add/commit/push...
INFO:root:[2025-07-03 12:55:25] ✅ Dati pushati su Git
INFO:root:[2025-07-03 12:55:25] 📨 Invio notifica Telegram...
INFO:root:[2025-07-03 12:55:26] ✅ Notifica Telegram inviata
INFO:root:[2025-07-03 16:40:16] 🚀 Eseguo: /home/user/mappa-concorsi/scarica_regioni.py
INFO:root:[2025-07-03 16:42:43] ✅ Completato: /home/user/mappa-concorsi/scarica_regioni.py
INFO:root:[2025-07-03 16:42:43] 🚀 Eseguo: /home/user/mappa-concorsi/geolocalizza.py
[2025-07-03 17:13:07.877128] ❌ Errore geocoding 'Azienda socio sanitaria territoriale di Crema, 1 medico geriatra': HTTPSConnectionPool(host='nominatim.openstreetmap.org', port=443): Max retries exceeded with url: /search?q=Azienda+socio+sanitaria+territoriale+di+Crema%2C+1+medico+geriatra&format=json&limit=1&countrycodes=it (Caused by NameResolutionError("<urllib3.connection.HTTPSConnection object at 0x7136e3dfc610>: Failed to resolve 'nominatim.openstreetmap.org' ([Errno -2] Name or service not known)"))
[2025-07-03 17:13:08.883993] ❌ Errore geocoding 'Crema': HTTPSConnectionPool(host='nominatim.openstreetmap.org', port=443): Max retries exceeded with url: /search?q=Crema&format=json&limit=1&countrycodes=it (Caused by NameResolutionError("<urllib3.connection.HTTPSConnection object at 0x7136e3dfd9c0>: Failed to resolve 'nominatim.openstreetmap.org' ([Errno -2] Name or service not known)"))
[2025-07-03 17:13:10.900892] ❌ Errore geocoding 'Politecnico di Milano, Lombardia': HTTPSConnectionPool(host='nominatim.openstreetmap.org', port=443): Max retries exceeded with url: /search?q=Politecnico+di+Milano%2C+Lombardia&format=json&limit=1&countrycodes=it (Caused by NameResolutionError("<urllib3.connection.HTTPSConnection object at 0x7136e3f374c0>: Failed to resolve 'nominatim.openstreetmap.org' ([Errno -2] Name or service not known)"))
[2025-07-03 17:38:02.851949] ❌ Errore geocoding 'Politecnico di Milano': HTTPSConnectionPool(host='nominatim.openstreetmap.org', port=443): Max retries exceeded with url: /search?q=Politecnico+di+Milano&format=json&limit=1&countrycodes=it (Caused by NameResolutionError("<urllib3.connection.HTTPSConnection object at 0x7136e3dfd720>: Failed to resolve 'nominatim.openstreetmap.org' ([Errno -2] Name or service not known)"))
[2025-07-03 17:38:03.858913] ❌ Errore geocoding 'Politecnico di Milano, 1 ricercatore': HTTPSConnectionPool(host='nominatim.openstreetmap.org', port=443): Max retries exceeded with url: /search?q=Politecnico+di+Milano%2C+1+ricercatore&format=json&limit=1&countrycodes=it (Caused by NameResolutionError("<urllib3.connection.HTTPSConnection object at 0x7136e3dfc490>: Failed to resolve 'nominatim.openstreetmap.org' ([Errno -2] Name or service not known)"))
[2025-07-03 17:38:04.865438] ❌ Errore geocoding 'Milano': HTTPSConnectionPool(host='nominatim.openstreetmap.org', port=443): Max retries exceeded with url: /search?q=Milano&format=json&limit=1&countrycodes=it (Caused by NameResolutionError("<urllib3.connection.HTTPSConnection object at 0x7136e3dfe3b0>: Failed to resolve 'nominatim.openstreetmap.org' ([Errno -2] Name or service not known)"))
[2025-07-03 17:38:06.877033] ❌ Errore geocoding 'Politecnico di Milano, Lombardia': HTTPSConnectionPool(host='nominatim.openstreetmap.org', port=443): Max retries exceeded with url: /search?q=Politecnico+di+Milano%2C+Lombardia&format=json&limit=1&countrycodes=it (Caused by NameResolutionError("<urllib3.connection.HTTPSConnection object at 0x7136e3dfec20>: Failed to resolve 'nominatim.openstreetmap.org' ([Errno -2] Name or service not known)"))
[2025-07-03 17:38:07.884795] ❌ Errore geocoding 'Politecnico di Milano': HTTPSConnectionPool(host='nominatim.openstreetmap.org', port=443): Max retries exceeded with url: /search?q=Politecnico+di+Milano&format=json&limit=1&countrycodes=it (Caused by NameResolutionError("<urllib3.connection.HTTPSConnection object at 0x7136e3dff4f0>: Failed to resolve 'nominatim.openstreetmap.org' ([Errno -2] Name or service not known)"))
INFO:root:[2025-07-03 18:11:10] ✅ Completato: /home/user/mappa-concorsi/geolocalizza.py
INFO:root:[2025-07-03 18:11:10] 🔄 Git add/commit/push...
INFO:root:[2025-07-03 18:11:11] ✅ Dati pushati su Git
INFO:root:[2025-07-03 18:11:11] 📨 Invio notifica Telegram...
INFO:root:[2025-07-03 18:11:14] ✅ Notifica Telegram inviata
[2025-07-03 20:00:02.239555] ❌ Errore nell'avviare Firefox: Message: Process unexpectedly closed with status 1

INFO:root:[2025-07-04 09:04:48] 🚀 Eseguo: /home/user/mappa-concorsi/scarica_regioni.py
INFO:root:[2025-07-04 09:07:13] ✅ Completato: /home/user/mappa-concorsi/scarica_regioni.py
INFO:root:[2025-07-04 09:07:13] 🚀 Eseguo: /home/user/mappa-concorsi/geolocalizza.py
[2025-07-04 16:00:01.837748] ❌ Errore nell'avviare Firefox: Message: Process unexpectedly closed with status 1

[2025-07-04 19:59:08.195550] ❌ Errore geocoding 'Azienda sanitaria locale di Benevento, Campania': HTTPSConnectionPool(host='nominatim.openstreetmap.org', port=443): Max retries exceeded with url: /search?q=Azienda+sanitaria+locale+di+Benevento%2C+Campania&format=json&limit=1&countrycodes=it (Caused by NameResolutionError("<urllib3.connection.HTTPSConnection object at 0x7340be6be920>: Failed to resolve 'nominatim.openstreetmap.org' ([Errno -2] Name or service not known)"))
[2025-07-04 19:59:09.202202] ❌ Errore geocoding 'Azienda sanitaria locale di Benevento': HTTPSConnectionPool(host='nominatim.openstreetmap.org', port=443): Max retries exceeded with url: /search?q=Azienda+sanitaria+locale+di+Benevento&format=json&limit=1&countrycodes=it (Caused by NameResolutionError("<urllib3.connection.HTTPSConnection object at 0x7340be5d8160>: Failed to resolve 'nominatim.openstreetmap.org' ([Errno -2] Name or service not known)"))
[2025-07-04 19:59:10.209944] ❌ Errore geocoding 'Azienda sanitaria locale di Benevento, 3 posti per igienista dentale e podologo': HTTPSConnectionPool(host='nominatim.openstreetmap.org', port=443): Max retries exceeded with url: /search?q=Azienda+sanitaria+locale+di+Benevento%2C+3+posti+per+igienista+dentale+e+podologo&format=json&limit=1&countrycodes=it (Caused by NameResolutionError("<urllib3.connection.HTTPSConnection object at 0x7340be5d8a90>: Failed to resolve 'nominatim.openstreetmap.org' ([Errno -2] Name or service not known)"))
[2025-07-04 19:59:11.217818] ❌ Errore geocoding 'Benevento': HTTPSConnectionPool(host='nominatim.openstreetmap.org', port=443): Max retries exceeded with url: /search?q=Benevento&format=json&limit=1&countrycodes=it (Caused by NameResolutionError("<urllib3.connection.HTTPSConnection object at 0x7340be6be8f0>: Failed to resolve 'nominatim.openstreetmap.org' ([Errno -2] Name or service not known)"))
[2025-07-04 19:59:13.231502] ❌ Errore geocoding 'Azienda Ospedaliera San Pio di Benevento, Campania': HTTPSConnectionPool(host='nominatim.openstreetmap.org', port=443): Max retries exceeded with url: /search?q=Azienda+Ospedaliera+San+Pio+di+Benevento%2C+Campania&format=json&limit=1&countrycodes=it (Caused by NameResolutionError("<urllib3.connection.HTTPSConnection object at 0x7340be6be860>: Failed to resolve 'nominatim.openstreetmap.org' ([Errno -2] Name or service not known)"))
[2025-07-04 20:00:01.498337] ❌ Errore nell'avviare Firefox: Message: Process unexpectedly closed with status 1

[2025-07-04 20:00:38.924486] ❌ Errore geocoding 'Azienda unità sanitaria locale n. 4 di Teramo, Abruzzo': 503 Server Error: Service Unavailable for url: https://nominatim.openstreetmap.org/search?q=Azienda+unit%C3%A0+sanitaria+locale+n.+4+di+Teramo%2C+Abruzzo&format=json&limit=1&countrycodes=it
INFO:root:[2025-07-04 20:02:08] 🚀 Eseguo: /home/user/mappa-concorsi/scarica_regioni.py
INFO:root:[2025-07-04 20:04:32] ✅ Completato: /home/user/mappa-concorsi/scarica_regioni.py
INFO:root:[2025-07-04 20:04:32] 🚀 Eseguo: /home/user/mappa-concorsi/geolocalizza.py
[2025-07-05 06:46:49.359282] ❌ Errore geocoding 'Comune di San Marzano di San Giuseppe, Puglia': HTTPSConnectionPool(host='nominatim.openstreetmap.org', port=443): Max retries exceeded with url: /search?q=Comune+di+San+Marzano+di+San+Giuseppe%2C+Puglia&format=json&limit=1&countrycodes=it (Caused by NameResolutionError("<urllib3.connection.HTTPSConnection object at 0x76d5fb5302b0>: Failed to resolve 'nominatim.openstreetmap.org' ([Errno -2] Name or service not known)"))
[2025-07-05 06:46:50.367784] ❌ Errore geocoding 'Comune di San Marzano di San Giuseppe': HTTPSConnectionPool(host='nominatim.openstreetmap.org', port=443): Max retries exceeded with url: /search?q=Comune+di+San+Marzano+di+San+Giuseppe&format=json&limit=1&countrycodes=it (Caused by NameResolutionError("<urllib3.connection.HTTPSConnection object at 0x76d5fb530cd0>: Failed to resolve 'nominatim.openstreetmap.org' ([Errno -2] Name or service not known)"))
[2025-07-05 06:46:51.376649] ❌ Errore geocoding 'Comune di San Marzano di San Giuseppe, 1 istruttore tecnico geometra': HTTPSConnectionPool(host='nominatim.openstreetmap.org', port=443): Max retries exceeded with url: /search?q=Comune+di+San+Marzano+di+San+Giuseppe%2C+1+istruttore+tecnico+geometra&format=json&limit=1&countrycodes=it (Caused by NameResolutionError("<urllib3.connection.HTTPSConnection object at 0x76d5fb5313c0>: Failed to resolve 'nominatim.openstreetmap.org' ([Errno -2] Name or service not known)"))
[2025-07-05 06:46:52.387279] ❌ Errore geocoding 'San Marzano di San Giuseppe': HTTPSConnectionPool(host='nominatim.openstreetmap.org', port=443): Max retries exceeded with url: /search?q=San+Marzano+di+San+Giuseppe&format=json&limit=1&countrycodes=it (Caused by NameResolutionError("<urllib3.connection.HTTPSConnection object at 0x76d5fb617460>: Failed to resolve 'nominatim.openstreetmap.org' ([Errno -2] Name or service not known)"))
[2025-07-05 06:46:54.398779] ❌ Errore geocoding 'Ordine degli Architetti Pianificatori Paesaggisti e Conservatori della Provincia di Bari, Puglia': HTTPSConnectionPool(host='nominatim.openstreetmap.org', port=443): Max retries exceeded with url: /search?q=Ordine+degli+Architetti+Pianificatori+Paesaggisti+e+Conservatori+della+Provincia+di+Bari%2C+Puglia&format=json&limit=1&countrycodes=it (Caused by NameResolutionError("<urllib3.connection.HTTPSConnection object at 0x76d5fb531210>: Failed to resolve 'nominatim.openstreetmap.org' ([Errno -2] Name or service not known)"))
[2025-07-05 06:49:02.687407] ❌ Errore geocoding 'Estar': HTTPSConnectionPool(host='nominatim.openstreetmap.org', port=443): Max retries exceeded with url: /search?q=Estar&format=json&limit=1&countrycodes=it (Caused by NewConnectionError('<urllib3.connection.HTTPSConnection object at 0x7340be5d96c0>: Failed to establish a new connection: [Errno 101] Network is unreachable'))
[2025-07-05 08:00:01.641322] ❌ Errore nell'avviare Firefox: Message: Process unexpectedly closed with status 1

[2025-07-05 12:00:01.716424] ❌ Errore nell'avviare Firefox: Message: Process unexpectedly closed with status 1

[2025-07-05 16:00:02.367654] ❌ Errore nell'avviare Firefox: Message: Process unexpectedly closed with status 1

[2025-07-06 12:00:01.681091] ❌ Errore nell'avviare Firefox: Message: Process unexpectedly closed with status 1

[2025-07-06 16:33:35.883096] ❌ Errore geocoding 'Comune di Pollenza, 1 agente di Polizia Locale': HTTPSConnectionPool(host='nominatim.openstreetmap.org', port=443): Max retries exceeded with url: /search?q=Comune+di+Pollenza%2C+1+agente+di+Polizia+Locale&format=json&limit=1&countrycodes=it (Caused by NameResolutionError("<urllib3.connection.HTTPSConnection object at 0x73e034c18a90>: Failed to resolve 'nominatim.openstreetmap.org' ([Errno -2] Name or service not known)"))
[2025-07-06 16:33:36.888822] ❌ Errore geocoding 'Pollenza': HTTPSConnectionPool(host='nominatim.openstreetmap.org', port=443): Max retries exceeded with url: /search?q=Pollenza&format=json&limit=1&countrycodes=it (Caused by NameResolutionError("<urllib3.connection.HTTPSConnection object at 0x73e034c19210>: Failed to resolve 'nominatim.openstreetmap.org' ([Errno -2] Name or service not known)"))
[2025-07-06 16:33:38.899473] ❌ Errore geocoding 'Unione Montana Marca di Camerino, Marche': HTTPSConnectionPool(host='nominatim.openstreetmap.org', port=443): Max retries exceeded with url: /search?q=Unione+Montana+Marca+di+Camerino%2C+Marche&format=json&limit=1&countrycodes=it (Caused by NameResolutionError("<urllib3.connection.HTTPSConnection object at 0x73e034cdfd60>: Failed to resolve 'nominatim.openstreetmap.org' ([Errno -2] Name or service not known)"))
[2025-07-06 16:33:39.905983] ❌ Errore geocoding 'Unione Montana Marca di Camerino': HTTPSConnectionPool(host='nominatim.openstreetmap.org', port=443): Max retries exceeded with url: /search?q=Unione+Montana+Marca+di+Camerino&format=json&limit=1&countrycodes=it (Caused by NameResolutionError("<urllib3.connection.HTTPSConnection object at 0x73e034c192d0>: Failed to resolve 'nominatim.openstreetmap.org' ([Errno -2] Name or service not known)"))
[2025-07-06 16:33:40.915064] ❌ Errore geocoding 'Unione Montana Marca di Camerino, 5 Assistente Sociale': HTTPSConnectionPool(host='nominatim.openstreetmap.org', port=443): Max retries exceeded with url: /search?q=Unione+Montana+Marca+di+Camerino%2C+5+Assistente+Sociale&format=json&limit=1&countrycodes=it (Caused by NameResolutionError("<urllib3.connection.HTTPSConnection object at 0x73e034c18a30>: Failed to resolve 'nominatim.openstreetmap.org' ([Errno -2] Name or service not known)"))
[2025-07-07 16:00:01.485016] ❌ Errore nell'avviare Firefox: Message: Process unexpectedly closed with status 1

[2025-07-08 12:00:02.067473] ❌ Errore nell'avviare Firefox: Message: Process unexpectedly closed with status 1

[2025-07-09 12:00:01.544057] ❌ Errore nell'avviare Firefox: Message: Process unexpectedly closed with status 1

[2025-07-09 16:00:01.968372] ❌ Errore nell'avviare Firefox: Message: Process unexpectedly closed with status 1

[2025-07-10 08:00:01.933294] ❌ Errore nell'avviare Firefox: Message: Process unexpectedly closed with status 1

[2025-07-10 09:38:38.031546] ❌ Errore geocoding 'soggiorno e Pensionato della Citta’ Murata': HTTPSConnectionPool(host='nominatim.openstreetmap.org', port=443): Max retries exceeded with url: /search?q=soggiorno+e+Pensionato+della+Citta%E2%80%99+Murata&format=json&limit=1&countrycodes=it (Caused by NameResolutionError("<urllib3.connection.HTTPSConnection object at 0x7ed414d6b520>: Failed to resolve 'nominatim.openstreetmap.org' ([Errno -2] Name or service not known)"))
[2025-07-10 09:38:40.043706] ❌ Errore geocoding 'Comune di Martellago, Veneto': HTTPSConnectionPool(host='nominatim.openstreetmap.org', port=443): Max retries exceeded with url: /search?q=Comune+di+Martellago%2C+Veneto&format=json&limit=1&countrycodes=it (Caused by NameResolutionError("<urllib3.connection.HTTPSConnection object at 0x7ed414a68be0>: Failed to resolve 'nominatim.openstreetmap.org' ([Errno -2] Name or service not known)"))
[2025-07-10 09:38:41.051202] ❌ Errore geocoding 'Comune di Martellago': HTTPSConnectionPool(host='nominatim.openstreetmap.org', port=443): Max retries exceeded with url: /search?q=Comune+di+Martellago&format=json&limit=1&countrycodes=it (Caused by NameResolutionError("<urllib3.connection.HTTPSConnection object at 0x7ed414a69390>: Failed to resolve 'nominatim.openstreetmap.org' ([Errno -2] Name or service not known)"))
[2025-07-10 09:38:42.059288] ❌ Errore geocoding 'Comune di Martellago, 1 istruttore informatico': HTTPSConnectionPool(host='nominatim.openstreetmap.org', port=443): Max retries exceeded with url: /search?q=Comune+di+Martellago%2C+1+istruttore+informatico&format=json&limit=1&countrycodes=it (Caused by NameResolutionError("<urllib3.connection.HTTPSConnection object at 0x7ed414d6bd60>: Failed to resolve 'nominatim.openstreetmap.org' ([Errno -2] Name or service not known)"))
[2025-07-10 09:38:43.066222] ❌ Errore geocoding 'Martellago': HTTPSConnectionPool(host='nominatim.openstreetmap.org', port=443): Max retries exceeded with url: /search?q=Martellago&format=json&limit=1&countrycodes=it (Caused by NameResolutionError("<urllib3.connection.HTTPSConnection object at 0x7ed414a690f0>: Failed to resolve 'nominatim.openstreetmap.org' ([Errno -2] Name or service not known)"))
[2025-07-10 12:00:01.725267] ❌ Errore nell'avviare Firefox: Message: Process unexpectedly closed with status 1

[2025-07-10 16:00:02.360081] ❌ Errore nell'avviare Firefox: Message: Process unexpectedly closed with status 1

[2025-07-10 19:44:22.998095] ❌ Errore geocoding 'Azienda Speciale Multiservizi Pontecagnano Faiano, Campania': HTTPSConnectionPool(host='nominatim.openstreetmap.org', port=443): Max retries exceeded with url: /search?q=Azienda+Speciale+Multiservizi+Pontecagnano+Faiano%2C+Campania&format=json&limit=1&countrycodes=it (Caused by NameResolutionError("<urllib3.connection.HTTPSConnection object at 0x7bb37083e650>: Failed to resolve 'nominatim.openstreetmap.org' ([Errno -2] Name or service not known)"))
[2025-07-10 19:44:24.006072] ❌ Errore geocoding 'Azienda Speciale Multiservizi Pontecagnano Faiano': HTTPSConnectionPool(host='nominatim.openstreetmap.org', port=443): Max retries exceeded with url: /search?q=Azienda+Speciale+Multiservizi+Pontecagnano+Faiano&format=json&limit=1&countrycodes=it (Caused by NameResolutionError("<urllib3.connection.HTTPSConnection object at 0x7bb37051c070>: Failed to resolve 'nominatim.openstreetmap.org' ([Errno -2] Name or service not known)"))
[2025-07-10 19:44:25.015213] ❌ Errore geocoding 'Azienda Speciale Multiservizi Pontecagnano Faiano, 2 posti di farmacista': HTTPSConnectionPool(host='nominatim.openstreetmap.org', port=443): Max retries exceeded with url: /search?q=Azienda+Speciale+Multiservizi+Pontecagnano+Faiano%2C+2+posti+di+farmacista&format=json&limit=1&countrycodes=it (Caused by NameResolutionError("<urllib3.connection.HTTPSConnection object at 0x7bb37051ca90>: Failed to resolve 'nominatim.openstreetmap.org' ([Errno -2] Name or service not known)"))
[2025-07-10 19:44:26.021970] ❌ Errore geocoding 'farmacista': HTTPSConnectionPool(host='nominatim.openstreetmap.org', port=443): Max retries exceeded with url: /search?q=farmacista&format=json&limit=1&countrycodes=it (Caused by NameResolutionError("<urllib3.connection.HTTPSConnection object at 0x7bb37083f580>: Failed to resolve 'nominatim.openstreetmap.org' ([Errno -2] Name or service not known)"))
[2025-07-10 20:00:02.489050] ❌ Errore nell'avviare Firefox: Message: Process unexpectedly closed with status 1

[2025-07-11 12:00:02.389041] ❌ Errore nell'avviare Firefox: Message: Process unexpectedly closed with status 1

[2025-07-11 21:53:44.243669] ❌ Errore geocoding 'Comune di Isernia, Molise': HTTPSConnectionPool(host='nominatim.openstreetmap.org', port=443): Max retries exceeded with url: /search?q=Comune+di+Isernia%2C+Molise&format=json&limit=1&countrycodes=it (Caused by NameResolutionError("<urllib3.connection.HTTPSConnection object at 0x706083df47c0>: Failed to resolve 'nominatim.openstreetmap.org' ([Errno -2] Name or service not known)"))
[2025-07-11 21:53:45.250093] ❌ Errore geocoding 'Comune di Isernia': HTTPSConnectionPool(host='nominatim.openstreetmap.org', port=443): Max retries exceeded with url: /search?q=Comune+di+Isernia&format=json&limit=1&countrycodes=it (Caused by NameResolutionError("<urllib3.connection.HTTPSConnection object at 0x706083df4ca0>: Failed to resolve 'nominatim.openstreetmap.org' ([Errno -2] Name or service not known)"))
[2025-07-11 21:53:46.260528] ❌ Errore geocoding 'Comune di Isernia, 1 funzionario amministrativo': HTTPSConnectionPool(host='nominatim.openstreetmap.org', port=443): Max retries exceeded with url: /search?q=Comune+di+Isernia%2C+1+funzionario+amministrativo&format=json&limit=1&countrycodes=it (Caused by NameResolutionError("<urllib3.connection.HTTPSConnection object at 0x706083df5390>: Failed to resolve 'nominatim.openstreetmap.org' ([Errno -2] Name or service not known)"))
[2025-07-11 21:53:47.267789] ❌ Errore geocoding 'Isernia': HTTPSConnectionPool(host='nominatim.openstreetmap.org', port=443): Max retries exceeded with url: /search?q=Isernia&format=json&limit=1&countrycodes=it (Caused by NameResolutionError("<urllib3.connection.HTTPSConnection object at 0x706083edff70>: Failed to resolve 'nominatim.openstreetmap.org' ([Errno -2] Name or service not known)"))
[2025-07-11 21:53:49.279782] ❌ Errore geocoding 'Comune di Bosco Marengo, Piemonte': HTTPSConnectionPool(host='nominatim.openstreetmap.org', port=443): Max retries exceeded with url: /search?q=Comune+di+Bosco+Marengo%2C+Piemonte&format=json&limit=1&countrycodes=it (Caused by NameResolutionError("<urllib3.connection.HTTPSConnection object at 0x706083df4e20>: Failed to resolve 'nominatim.openstreetmap.org' ([Errno -2] Name or service not known)"))
[2025-07-11 21:53:50.287613] ❌ Errore geocoding 'Comune di Bosco Marengo': HTTPSConnectionPool(host='nominatim.openstreetmap.org', port=443): Max retries exceeded with url: /search?q=Comune+di+Bosco+Marengo&format=json&limit=1&countrycodes=it (Caused by NameResolutionError("<urllib3.connection.HTTPSConnection object at 0x706083df4910>: Failed to resolve 'nominatim.openstreetmap.org' ([Errno -2] Name or service not known)"))
[2025-07-11 21:53:51.297656] ❌ Errore geocoding 'Comune di Bosco Marengo, 1 Istruttore Tecnico Geometra': HTTPSConnectionPool(host='nominatim.openstreetmap.org', port=443): Max retries exceeded with url: /search?q=Comune+di+Bosco+Marengo%2C+1+Istruttore+Tecnico+Geometra&format=json&limit=1&countrycodes=it (Caused by NameResolutionError("<urllib3.connection.HTTPSConnection object at 0x706083df5c00>: Failed to resolve 'nominatim.openstreetmap.org' ([Errno -2] Name or service not known)"))
[2025-07-11 21:53:52.307184] ❌ Errore geocoding 'Bosco Marengo': HTTPSConnectionPool(host='nominatim.openstreetmap.org', port=443): Max retries exceeded with url: /search?q=Bosco+Marengo&format=json&limit=1&countrycodes=it (Caused by NameResolutionError("<urllib3.connection.HTTPSConnection object at 0x706083df6470>: Failed to resolve 'nominatim.openstreetmap.org' ([Errno -2] Name or service not known)"))
[2025-07-11 21:53:54.318256] ❌ Errore geocoding 'Azienda Ospedaliero-Universitaria Città Della Salute e della Scienza di Torino, Piemonte': HTTPSConnectionPool(host='nominatim.openstreetmap.org', port=443): Max retries exceeded with url: /search?q=Azienda+Ospedaliero-Universitaria+Citt%C3%A0+Della+Salute+e+della+Scienza+di+Torino%2C+Piemonte&format=json&limit=1&countrycodes=it (Caused by NameResolutionError("<urllib3.connection.HTTPSConnection object at 0x706083edff70>: Failed to resolve 'nominatim.openstreetmap.org' ([Errno -2] Name or service not known)"))
[2025-07-12 08:00:01.820737] ❌ Errore nell'avviare Firefox: Message: Process unexpectedly closed with status 1

[2025-07-13 20:00:02.459810] ❌ Errore nell'avviare Firefox: Message: Process unexpectedly closed with status 1

[2025-07-14 12:00:02.269651] ❌ Errore nell'avviare Firefox: Message: Process unexpectedly closed with status 1

[2025-07-14 12:23:42.958103] ❌ Errore geocoding 'Università «La Sapienza» di Roma, Lazio': HTTPSConnectionPool(host='nominatim.openstreetmap.org', port=443): Max retries exceeded with url: /search?q=Universit%C3%A0+%C2%ABLa+Sapienza%C2%BB+di+Roma%2C+Lazio&format=json&limit=1&countrycodes=it (Caused by NameResolutionError("<urllib3.connection.HTTPSConnection object at 0x7188899beec0>: Failed to resolve 'nominatim.openstreetmap.org' ([Errno -2] Name or service not known)"))
[2025-07-14 14:23:32.488690] ❌ Errore geocoding 'Università «La Sapienza» di Roma': HTTPSConnectionPool(host='nominatim.openstreetmap.org', port=443): Max retries exceeded with url: /search?q=Universit%C3%A0+%C2%ABLa+Sapienza%C2%BB+di+Roma&format=json&limit=1&countrycodes=it (Caused by NameResolutionError("<urllib3.connection.HTTPSConnection object at 0x7188898e4580>: Failed to resolve 'nominatim.openstreetmap.org' ([Errno -2] Name or service not known)"))
[2025-07-14 14:23:33.498575] ❌ Errore geocoding 'Università «La Sapienza» di Roma, 1 ricercatore  ,  GSD   06/MEDS-13 - Chirurgia vascolare': HTTPSConnectionPool(host='nominatim.openstreetmap.org', port=443): Max retries exceeded with url: /search?q=Universit%C3%A0+%C2%ABLa+Sapienza%C2%BB+di+Roma%2C+1+ricercatore++%2C++GSD+++06%2FMEDS-13+-+Chirurgia+vascolare&format=json&limit=1&countrycodes=it (Caused by NameResolutionError("<urllib3.connection.HTTPSConnection object at 0x7188898e4cd0>: Failed to resolve 'nominatim.openstreetmap.org' ([Errno -2] Name or service not known)"))
[2025-07-14 14:23:34.506356] ❌ Errore geocoding 'Roma': HTTPSConnectionPool(host='nominatim.openstreetmap.org', port=443): Max retries exceeded with url: /search?q=Roma&format=json&limit=1&countrycodes=it (Caused by NameResolutionError("<urllib3.connection.HTTPSConnection object at 0x7188899bfeb0>: Failed to resolve 'nominatim.openstreetmap.org' ([Errno -2] Name or service not known)"))
[2025-07-14 14:23:36.520648] ❌ Errore geocoding 'Agenzia Nazionale per le Nuove Tecnologie, l'Energia e lo Sviluppo Economico Sostenibile, Lazio': HTTPSConnectionPool(host='nominatim.openstreetmap.org', port=443): Max retries exceeded with url: /search?q=Agenzia+Nazionale+per+le+Nuove+Tecnologie%2C+l%27Energia+e+lo+Sviluppo+Economico+Sostenibile%2C+Lazio&format=json&limit=1&countrycodes=it (Caused by NameResolutionError("<urllib3.connection.HTTPSConnection object at 0x7188898e48e0>: Failed to resolve 'nominatim.openstreetmap.org' ([Errno -2] Name or service not known)"))
[2025-07-15 12:00:02.344138] ❌ Errore nell'avviare Firefox: Message: Process unexpectedly closed with status 1

[2025-07-15 12:26:22.721019] ❌ Errore geocoding 'Università di Udine, Friuli Venezia Giulia': 503 Server Error: Service Unavailable for url: https://nominatim.openstreetmap.org/search?q=Universit%C3%A0+di+Udine%2C+Friuli+Venezia+Giulia&format=json&limit=1&countrycodes=it
[2025-07-15 12:28:05.019256] ❌ Errore geocoding 'Università di Udine, Friuli Venezia Giulia': 503 Server Error: Service Unavailable for url: https://nominatim.openstreetmap.org/search?q=Universit%C3%A0+di+Udine%2C+Friuli+Venezia+Giulia&format=json&limit=1&countrycodes=it
[2025-07-16 08:00:02.283781] ❌ Errore nell'avviare Firefox: Message: Process unexpectedly closed with status 1

[2025-07-16 08:25:42.073062] ❌ Errore geocoding 'Azienda Sanitaria Universitaria Friuli Centrale di Udine, Friuli Venezia Giulia': HTTPSConnectionPool(host='nominatim.openstreetmap.org', port=443): Max retries exceeded with url: /search?q=Azienda+Sanitaria+Universitaria+Friuli+Centrale+di+Udine%2C+Friuli+Venezia+Giulia&format=json&limit=1&countrycodes=it (Caused by NameResolutionError("<urllib3.connection.HTTPSConnection object at 0x74502b36ba60>: Failed to resolve 'nominatim.openstreetmap.org' ([Errno -2] Name or service not known)"))
[2025-07-16 08:25:43.079491] ❌ Errore geocoding 'Azienda Sanitaria Universitaria Friuli Centrale di Udine': HTTPSConnectionPool(host='nominatim.openstreetmap.org', port=443): Max retries exceeded with url: /search?q=Azienda+Sanitaria+Universitaria+Friuli+Centrale+di+Udine&format=json&limit=1&countrycodes=it (Caused by NameResolutionError("<urllib3.connection.HTTPSConnection object at 0x74502b0943d0>: Failed to resolve 'nominatim.openstreetmap.org' ([Errno -2] Name or service not known)"))
[2025-07-16 08:25:44.087427] ❌ Errore geocoding 'Azienda Sanitaria Universitaria Friuli Centrale di Udine, 3 posti di farmacista': HTTPSConnectionPool(host='nominatim.openstreetmap.org', port=443): Max retries exceeded with url: /search?q=Azienda+Sanitaria+Universitaria+Friuli+Centrale+di+Udine%2C+3+posti+di+farmacista&format=json&limit=1&countrycodes=it (Caused by NameResolutionError("<urllib3.connection.HTTPSConnection object at 0x74502b094c10>: Failed to resolve 'nominatim.openstreetmap.org' ([Errno -2] Name or service not known)"))
[2025-07-16 08:25:45.097030] ❌ Errore geocoding 'Udine': HTTPSConnectionPool(host='nominatim.openstreetmap.org', port=443): Max retries exceeded with url: /search?q=Udine&format=json&limit=1&countrycodes=it (Caused by NameResolutionError("<urllib3.connection.HTTPSConnection object at 0x74502b36b970>: Failed to resolve 'nominatim.openstreetmap.org' ([Errno -2] Name or service not known)"))
[2025-07-16 08:25:47.111936] ❌ Errore geocoding 'Scuola Internazionale Superiore di Studi Avanzati (Sissa)Di Trieste, Friuli Venezia Giulia': HTTPSConnectionPool(host='nominatim.openstreetmap.org', port=443): Max retries exceeded with url: /search?q=Scuola+Internazionale+Superiore+di+Studi+Avanzati+%28Sissa%29Di+Trieste%2C+Friuli+Venezia+Giulia&format=json&limit=1&countrycodes=it (Caused by NameResolutionError("<urllib3.connection.HTTPSConnection object at 0x74502b0947f0>: Failed to resolve 'nominatim.openstreetmap.org' ([Errno -2] Name or service not known)"))
[2025-07-16 08:26:15.873640] ❌ Errore geocoding 'Università di Udine, Friuli Venezia Giulia': 503 Server Error: Service Unavailable for url: https://nominatim.openstreetmap.org/search?q=Universit%C3%A0+di+Udine%2C+Friuli+Venezia+Giulia&format=json&limit=1&countrycodes=it
[2025-07-16 16:00:02.452772] ❌ Errore nell'avviare Firefox: Message: Process unexpectedly closed with status 1

[2025-07-16 16:14:07.571098] ❌ Errore geocoding 'Università di Parma, Emilia Romagna': 503 Server Error: Service Unavailable for url: https://nominatim.openstreetmap.org/search?q=Universit%C3%A0+di+Parma%2C+Emilia+Romagna&format=json&limit=1&countrycodes=it
[2025-07-16 16:22:18.502827] ❌ Errore geocoding 'Università di Udine, Friuli Venezia Giulia': 503 Server Error: Service Unavailable for url: https://nominatim.openstreetmap.org/search?q=Universit%C3%A0+di+Udine%2C+Friuli+Venezia+Giulia&format=json&limit=1&countrycodes=it
[2025-07-16 16:23:39.913262] ❌ Errore geocoding 'Università di Udine, Friuli Venezia Giulia': 503 Server Error: Service Unavailable for url: https://nominatim.openstreetmap.org/search?q=Universit%C3%A0+di+Udine%2C+Friuli+Venezia+Giulia&format=json&limit=1&countrycodes=it
[2025-07-16 17:08:26.835342] ❌ Errore geocoding 'Comune di Firenze, Toscana': 503 Server Error: Service Unavailable for url: https://nominatim.openstreetmap.org/search?q=Comune+di+Firenze%2C+Toscana&format=json&limit=1&countrycodes=it
[2025-07-16 18:03:21.350040] ❌ Errore geocoding 'Polesella': HTTPSConnectionPool(host='nominatim.openstreetmap.org', port=443): Max retries exceeded with url: /search?q=Polesella&format=json&limit=1&countrycodes=it (Caused by NameResolutionError("<urllib3.connection.HTTPSConnection object at 0x75c4f016bc40>: Failed to resolve 'nominatim.openstreetmap.org' ([Errno -2] Name or service not known)"))
[2025-07-16 18:03:23.360996] ❌ Errore geocoding 'Università «Ca'Foscari» di Venezia, Veneto': HTTPSConnectionPool(host='nominatim.openstreetmap.org', port=443): Max retries exceeded with url: /search?q=Universit%C3%A0+%C2%ABCa%27Foscari%C2%BB+di+Venezia%2C+Veneto&format=json&limit=1&countrycodes=it (Caused by NameResolutionError("<urllib3.connection.HTTPSConnection object at 0x75c4efe84bb0>: Failed to resolve 'nominatim.openstreetmap.org' ([Errno -2] Name or service not known)"))
[2025-07-16 18:03:24.367928] ❌ Errore geocoding 'Università «Ca'Foscari» di Venezia': HTTPSConnectionPool(host='nominatim.openstreetmap.org', port=443): Max retries exceeded with url: /search?q=Universit%C3%A0+%C2%ABCa%27Foscari%C2%BB+di+Venezia&format=json&limit=1&countrycodes=it (Caused by NameResolutionError("<urllib3.connection.HTTPSConnection object at 0x75c4efe85390>: Failed to resolve 'nominatim.openstreetmap.org' ([Errno -2] Name or service not known)"))
[2025-07-16 18:03:25.374833] ❌ Errore geocoding 'Concorso professore di prima fascia Venezia 2025 presso Università «Ca'Foscari» di Venezia : Bando pubblico per 1 posti': HTTPSConnectionPool(host='nominatim.openstreetmap.org', port=443): Max retries exceeded with url: /search?q=Concorso+professore+di+prima+fascia+Venezia+2025+presso+Universit%C3%A0+%C2%ABCa%27Foscari%C2%BB+di+Venezia+%3A+Bando+pubblico+per+1+posti&format=json&limit=1&countrycodes=it (Caused by NameResolutionError("<urllib3.connection.HTTPSConnection object at 0x75c4f016bdc0>: Failed to resolve 'nominatim.openstreetmap.org' ([Errno -2] Name or service not known)"))
